2024-07-27 16:47:46 DEBUG TelegramBot:30 - hi
2024-07-27 16:50:51 DEBUG TelegramBot:30 - why not?
2024-07-27 16:54:50 ERROR TelegramBot:46 - org.telegram.telegrambots.meta.exceptions.TelegramApiRequestException: Unable to deserialize response
2024-07-27 16:55:45 DEBUG TelegramBot:33 - hello!
2024-07-27 16:55:45 ERROR TelegramBot:46 - org.telegram.telegrambots.meta.exceptions.TelegramApiRequestException: Unable to deserialize response
2024-07-27 16:56:27 DEBUG TelegramBot:33 - gg
2024-07-27 16:56:27 ERROR TelegramBot:47 - org.telegram.telegrambots.meta.exceptions.TelegramApiRequestException: Unable to deserialize response
2024-07-27 19:59:27 DEBUG UpdateProducerImpl:13 - hello, bro
2024-07-27 20:00:54 ERROR UpdateController:35 - Unsupported message type is recieved: Update(updateId=145903617, message=null, inlineQuery=null, chosenInlineQuery=null, callbackQuery=null, editedMessage=Message(messageId=13, from=User(id=767410708, firstName=Dima, isBot=false, lastName=Kulinchenko, userName=deekul, languageCode=ru, canJoinGroups=null, canReadAllGroupMessages=null, supportInlineQueries=null, isPremium=null, addedToAttachmentMenu=null), date=1722099568, chat=Chat(id=767410708, type=private, title=null, firstName=Dima, lastName=Kulinchenko, userName=deekul, photo=null, description=null, inviteLink=null, pinnedMessage=null, stickerSetName=null, canSetStickerSet=null, permissions=null, slowModeDelay=null, bio=null, linkedChatId=null, location=null, messageAutoDeleteTime=null, hasPrivateForwards=null, HasProtectedContent=null, joinToSendMessages=null, joinByRequest=null), forwardFrom=null, forwardFromChat=null, forwardDate=null, text=hello, bro22, entities=null, captionEntities=null, audio=null, document=null, photo=null, sticker=null, video=null, contact=null, location=null, venue=null, animation=null, pinnedMessage=null, newChatMembers=[], leftChatMember=null, newChatTitle=null, newChatPhoto=null, deleteChatPhoto=null, groupchatCreated=null, replyToMessage=null, voice=null, caption=null, superGroupCreated=null, channelChatCreated=null, migrateToChatId=null, migrateFromChatId=null, editDate=1722099655, game=null, forwardFromMessageId=null, invoice=null, successfulPayment=null, videoNote=null, authorSignature=null, forwardSignature=null, mediaGroupId=null, connectedWebsite=null, passportData=null, forwardSenderName=null, poll=null, replyMarkup=null, dice=null, viaBot=null, senderChat=null, proximityAlertTriggered=null, messageAutoDeleteTimerChanged=null, isAutomaticForward=null, hasProtectedContent=null, webAppData=null, videoChatStarted=null, videoChatEnded=null, videoChatParticipantsInvited=null, videoChatScheduled=null), channelPost=null, editedChannelPost=null, shippingQuery=null, preCheckoutQuery=null, poll=null, pollAnswer=null, myChatMember=null, chatMember=null, chatJoinRequest=null)
2024-07-27 20:01:55 DEBUG UpdateProducerImpl:13 - 
2024-07-27 20:05:05 DEBUG UpdateProducerImpl:13 - 
2024-07-27 20:06:42 DEBUG UpdateProducerImpl:13 - 
2024-07-27 20:06:51 DEBUG UpdateProducerImpl:13 - 
2024-07-27 20:07:28 DEBUG UpdateProducerImpl:13 - 
2024-07-27 20:09:11 DEBUG UpdateProducerImpl:13 - 
2024-07-27 20:09:30 DEBUG UpdateProducerImpl:13 - 
2024-07-28 16:41:55 DEBUG UpdateProducerImpl:20 - hello 1
2024-07-28 16:42:26 DEBUG UpdateProducerImpl:20 - chef
2024-07-28 16:53:03 DEBUG UpdateProducerImpl:20 - hello 2
2024-07-28 17:37:30 DEBUG UpdateProducerImpl:20 - Hello from chat!

2024-08-30 22:40:50 DEBUG UpdateProducerImpl:20 - txt
2024-08-30 22:41:05 DEBUG UpdateProducerImpl:20 - hello
2024-08-30 23:28:30 DEBUG UpdateProducerImpl:20 - 
2024-08-31 16:51:51 DEBUG UpdateProducerImpl:20 - hello
2024-09-02 00:45:48 DEBUG UpdateProducerImpl:20 - hello from user
2024-09-02 00:56:32 DEBUG UpdateProducerImpl:20 - hello again
2024-09-03 16:19:31 DEBUG UpdateProducerImpl:20 - how are you?
2024-09-03 16:19:43 DEBUG UpdateProducerImpl:20 - /cancel
2024-09-03 16:20:05 ERROR UpdateController:38 - Unsupported message type is recieved: Update(updateId=145903642, message=null, inlineQuery=null, chosenInlineQuery=null, callbackQuery=null, editedMessage=null, channelPost=null, editedChannelPost=null, shippingQuery=null, preCheckoutQuery=null, poll=null, pollAnswer=null, myChatMember=ChatMemberUpdated(chat=Chat(id=767410708, type=private, title=null, firstName=Dima, lastName=Kulinchenko, userName=deekul, photo=null, description=null, inviteLink=null, pinnedMessage=null, stickerSetName=null, canSetStickerSet=null, permissions=null, slowModeDelay=null, bio=null, linkedChatId=null, location=null, messageAutoDeleteTime=null, hasPrivateForwards=null, HasProtectedContent=null, joinToSendMessages=null, joinByRequest=null), from=User(id=767410708, firstName=Dima, isBot=false, lastName=Kulinchenko, userName=deekul, languageCode=ru, canJoinGroups=null, canReadAllGroupMessages=null, supportInlineQueries=null, isPremium=null, addedToAttachmentMenu=null), date=1725369605, oldChatMember=ChatMemberMember(status=member, user=User(id=6833025851, firstName=File Sharing, isBot=true, lastName=null, userName=fileshr_bot, languageCode=null, canJoinGroups=null, canReadAllGroupMessages=null, supportInlineQueries=null, isPremium=null, addedToAttachmentMenu=null)), newChatMember=ChatMemberBanned(status=kicked, user=User(id=6833025851, firstName=File Sharing, isBot=true, lastName=null, userName=fileshr_bot, languageCode=null, canJoinGroups=null, canReadAllGroupMessages=null, supportInlineQueries=null, isPremium=null, addedToAttachmentMenu=null), untilDate=0), inviteLink=null), chatMember=null, chatJoinRequest=null)
2024-09-03 16:20:06 ERROR UpdateController:38 - Unsupported message type is recieved: Update(updateId=145903643, message=null, inlineQuery=null, chosenInlineQuery=null, callbackQuery=null, editedMessage=null, channelPost=null, editedChannelPost=null, shippingQuery=null, preCheckoutQuery=null, poll=null, pollAnswer=null, myChatMember=ChatMemberUpdated(chat=Chat(id=767410708, type=private, title=null, firstName=Dima, lastName=Kulinchenko, userName=deekul, photo=null, description=null, inviteLink=null, pinnedMessage=null, stickerSetName=null, canSetStickerSet=null, permissions=null, slowModeDelay=null, bio=null, linkedChatId=null, location=null, messageAutoDeleteTime=null, hasPrivateForwards=null, HasProtectedContent=null, joinToSendMessages=null, joinByRequest=null), from=User(id=767410708, firstName=Dima, isBot=false, lastName=Kulinchenko, userName=deekul, languageCode=ru, canJoinGroups=null, canReadAllGroupMessages=null, supportInlineQueries=null, isPremium=null, addedToAttachmentMenu=null), date=1725369606, oldChatMember=ChatMemberBanned(status=kicked, user=User(id=6833025851, firstName=File Sharing, isBot=true, lastName=null, userName=fileshr_bot, languageCode=null, canJoinGroups=null, canReadAllGroupMessages=null, supportInlineQueries=null, isPremium=null, addedToAttachmentMenu=null), untilDate=0), newChatMember=ChatMemberMember(status=member, user=User(id=6833025851, firstName=File Sharing, isBot=true, lastName=null, userName=fileshr_bot, languageCode=null, canJoinGroups=null, canReadAllGroupMessages=null, supportInlineQueries=null, isPremium=null, addedToAttachmentMenu=null)), inviteLink=null), chatMember=null, chatJoinRequest=null)
2024-09-03 16:20:06 DEBUG UpdateProducerImpl:20 - /start
2024-09-03 16:20:13 DEBUG UpdateProducerImpl:20 - /help
2024-09-03 16:21:18 DEBUG UpdateProducerImpl:20 - /registration
2024-09-03 16:21:21 DEBUG UpdateProducerImpl:20 - /cancel
2024-09-03 16:21:34 DEBUG UpdateProducerImpl:20 - asd
2024-09-03 16:34:30 DEBUG UpdateProducerImpl:20 - hello
2024-09-03 16:35:10 DEBUG UpdateProducerImpl:20 - hi
2024-09-03 16:35:55 DEBUG UpdateProducerImpl:20 - chef